<?xml version="1.0" encoding="UTF-8"?>
<testsuite name="tests.SimpleTest" tests="1" skipped="0" failures="0" errors="0" timestamp="2025-09-03T12:40:35" hostname="WIN-93OOUG3KSUQ" time="37.431">
  <properties/>
  <testcase name="testGithub()" classname="tests.SimpleTest" time="37.431"/>
  <system-out><![CDATA[]]></system-out>
  <system-err><![CDATA[SLF4J(W): No SLF4J providers were found.
SLF4J(W): Defaulting to no-operation (NOP) logger implementation
SLF4J(W): See https://www.slf4j.org/codes.html#noProviders for further details.
сент. 03, 2025 3:40:51 PM org.openqa.selenium.devtools.CdpVersionFinder findNearestMatch
WARNING: Unable to find CDP implementation matching 113
сент. 03, 2025 3:40:51 PM org.openqa.selenium.chromium.ChromiumDriver lambda$new$4
WARNING: Unable to find version of CDP to use for 113.0.5672.0. You may need to include a dependency on a specific version of the CDP using something similar to `org.seleniumhq.selenium:selenium-devtools-v86:4.35.0` where the version ("v86") matches the version of the chromium-based browser you're using and the version number of the artifact is the same as Selenium's.
]]></system-err>
</testsuite>
